<?xml version="1.0" encoding="UTF-8"?>
<testsuite name="com.pc1111.calculator.CalculatorTest" tests="1" skipped="0" failures="0" errors="0" timestamp="2018-04-17T07:03:09" hostname="pc111-OptiPlex-3050" time="0.003">
  <properties/>
  <testcase name="testSum" classname="com.pc1111.calculator.CalculatorTest" time="0.003"/>
  <system-out><![CDATA[]]></system-out>
  <system-err><![CDATA[]]></system-err>
</testsuite>
